This is XeTeX, Version 3.141592653-2.6-0.999993 (TeX Live 2021/W32TeX) (preloaded format=xelatex 2021.12.1)  1 DEC 2021 12:28
entering extended mode
 restricted \write18 enabled.
 %&-line parsing enabled.
**_main.tex
(./_main.tex
LaTeX2e <2021-11-15>
L3 programming layer <2021-11-22> (c:/Users/hlore/AppData/Roaming/TinyTeX/texmf
-dist/tex/latex/base/book.cls
Document Class: book 2021/10/04 v1.4n Standard LaTeX document class
(c:/Users/hlore/AppData/Roaming/TinyTeX/texmf-dist/tex/latex/base/bk10.clo
File: bk10.clo 2021/10/04 v1.4n Standard LaTeX file (size option)
)
\c@part=\count179
\c@chapter=\count180
\c@section=\count181
\c@subsection=\count182
\c@subsubsection=\count183
\c@paragraph=\count184
\c@subparagraph=\count185
\c@figure=\count186
\c@table=\count187
\abovecaptionskip=\skip47
\belowcaptionskip=\skip48
\bibindent=\dimen138
)
(c:/Users/hlore/AppData/Roaming/TinyTeX/texmf-dist/tex/latex/amsmath/amsmath.st
y
Package: amsmath 2021/10/15 v2.17l AMS math features
\@mathmargin=\skip49
For additional information on amsmath, use the `?' option.

(c:/Users/hlore/AppData/Roaming/TinyTeX/texmf-dist/tex/latex/amsmath/amstext.st
y
Package: amstext 2021/08/26 v2.01 AMS text

(c:/Users/hlore/AppData/Roaming/TinyTeX/texmf-dist/tex/latex/amsmath/amsgen.sty
File: amsgen.sty 1999/11/30 v2.0 generic functions
\@emptytoks=\toks16
\ex@=\dimen139
))
(c:/Users/hlore/AppData/Roaming/TinyTeX/texmf-dist/tex/latex/amsmath/amsbsy.sty
Package: amsbsy 1999/11/29 v1.2d Bold Symbols
\pmbraise@=\dimen140
)
(c:/Users/hlore/AppData/Roaming/TinyTeX/texmf-dist/tex/latex/amsmath/amsopn.sty
Package: amsopn 2021/08/26 v2.02 operator names
)
\inf@bad=\count188
LaTeX Info: Redefining \frac on input line 234.
\uproot@=\count189
\leftroot@=\count190
LaTeX Info: Redefining \overline on input line 399.
\classnum@=\count191
\DOTSCASE@=\count192
LaTeX Info: Redefining \ldots on input line 496.
LaTeX Info: Redefining \dots on input line 499.
LaTeX Info: Redefining \cdots on input line 620.
\Mathstrutbox@=\box50
\strutbox@=\box51
\big@size=\dimen141
LaTeX Font Info:    Redeclaring font encoding OML on input line 743.
LaTeX Font Info:    Redeclaring font encoding OMS on input line 744.
\macc@depth=\count193
\c@MaxMatrixCols=\count194
\dotsspace@=\muskip16
\c@parentequation=\count195
\dspbrk@lvl=\count196
\tag@help=\toks17
\row@=\count197
\column@=\count198
\maxfields@=\count199
\andhelp@=\toks18
\eqnshift@=\dimen142
\alignsep@=\dimen143
\tagshift@=\dimen144
\tagwidth@=\dimen145
\totwidth@=\dimen146
\lineht@=\dimen147
\@envbody=\toks19
\multlinegap=\skip50
\multlinetaggap=\skip51
\mathdisplay@stack=\toks20
LaTeX Info: Redefining \[ on input line 2938.
LaTeX Info: Redefining \] on input line 2939.
)
(c:/Users/hlore/AppData/Roaming/TinyTeX/texmf-dist/tex/latex/amsfonts/amssymb.s
ty
Package: amssymb 2013/01/14 v3.01 AMS font symbols

(c:/Users/hlore/AppData/Roaming/TinyTeX/texmf-dist/tex/latex/amsfonts/amsfonts.
sty
Package: amsfonts 2013/01/14 v3.01 Basic AMSFonts support
\symAMSa=\mathgroup4
\symAMSb=\mathgroup5
LaTeX Font Info:    Redeclaring math symbol \hbar on input line 98.
LaTeX Font Info:    Overwriting math alphabet `\mathfrak' in version `bold'
(Font)                  U/euf/m/n --> U/euf/b/n on input line 106.
)) (c:/Users/hlore/AppData/Roaming/TinyTeX/texmf-dist/tex/latex/lm/lmodern.sty
Package: lmodern 2015/05/01 v1.6.1 Latin Modern Fonts
LaTeX Font Info:    Overwriting symbol font `operators' in version `normal'
(Font)                  OT1/cmr/m/n --> OT1/lmr/m/n on input line 22.
LaTeX Font Info:    Overwriting symbol font `letters' in version `normal'
(Font)                  OML/cmm/m/it --> OML/lmm/m/it on input line 23.
LaTeX Font Info:    Overwriting symbol font `symbols' in version `normal'
(Font)                  OMS/cmsy/m/n --> OMS/lmsy/m/n on input line 24.
LaTeX Font Info:    Overwriting symbol font `largesymbols' in version `normal'
(Font)                  OMX/cmex/m/n --> OMX/lmex/m/n on input line 25.
LaTeX Font Info:    Overwriting symbol font `operators' in version `bold'
(Font)                  OT1/cmr/bx/n --> OT1/lmr/bx/n on input line 26.
LaTeX Font Info:    Overwriting symbol font `letters' in version `bold'
(Font)                  OML/cmm/b/it --> OML/lmm/b/it on input line 27.
LaTeX Font Info:    Overwriting symbol font `symbols' in version `bold'
(Font)                  OMS/cmsy/b/n --> OMS/lmsy/b/n on input line 28.
LaTeX Font Info:    Overwriting symbol font `largesymbols' in version `bold'
(Font)                  OMX/cmex/m/n --> OMX/lmex/m/n on input line 29.
LaTeX Font Info:    Overwriting math alphabet `\mathbf' in version `normal'
(Font)                  OT1/cmr/bx/n --> OT1/lmr/bx/n on input line 31.
LaTeX Font Info:    Overwriting math alphabet `\mathsf' in version `normal'
(Font)                  OT1/cmss/m/n --> OT1/lmss/m/n on input line 32.
LaTeX Font Info:    Overwriting math alphabet `\mathit' in version `normal'
(Font)                  OT1/cmr/m/it --> OT1/lmr/m/it on input line 33.
LaTeX Font Info:    Overwriting math alphabet `\mathtt' in version `normal'
(Font)                  OT1/cmtt/m/n --> OT1/lmtt/m/n on input line 34.
LaTeX Font Info:    Overwriting math alphabet `\mathbf' in version `bold'
(Font)                  OT1/cmr/bx/n --> OT1/lmr/bx/n on input line 35.
LaTeX Font Info:    Overwriting math alphabet `\mathsf' in version `bold'
(Font)                  OT1/cmss/bx/n --> OT1/lmss/bx/n on input line 36.
LaTeX Font Info:    Overwriting math alphabet `\mathit' in version `bold'
(Font)                  OT1/cmr/bx/it --> OT1/lmr/bx/it on input line 37.
LaTeX Font Info:    Overwriting math alphabet `\mathtt' in version `bold'
(Font)                  OT1/cmtt/m/n --> OT1/lmtt/m/n on input line 38.
)
(c:/Users/hlore/AppData/Roaming/TinyTeX/texmf-dist/tex/generic/iftex/ifxetex.st
y
Package: ifxetex 2019/10/25 v0.7 ifxetex legacy package. Use iftex instead.
(c:/Users/hlore/AppData/Roaming/TinyTeX/texmf-dist/tex/generic/iftex/iftex.sty
Package: iftex 2020/03/06 v1.0d TeX engine tests
))
(c:/Users/hlore/AppData/Roaming/TinyTeX/texmf-dist/tex/generic/iftex/ifluatex.s
ty
Package: ifluatex 2019/10/25 v1.5 ifluatex legacy package. Use iftex instead.
)
(c:/Users/hlore/AppData/Roaming/TinyTeX/texmf-dist/tex/latex/unicode-math/unico
de-math.sty
(c:/Users/hlore/AppData/Roaming/TinyTeX/texmf-dist/tex/latex/l3kernel/expl3.sty
Package: expl3 2021-11-22 L3 programming layer (loader) 

(c:/Users/hlore/AppData/Roaming/TinyTeX/texmf-dist/tex/latex/l3backend/l3backen
d-xetex.def
File: l3backend-xetex.def 2021-10-18 L3 backend support: XeTeX
(|extractbb --version)
\c__kernel_sys_dvipdfmx_version_int=\count266
\l__color_backend_stack_int=\count267
\g__color_backend_stack_int=\count268
\g__graphics_track_int=\count269
\l__pdf_internal_box=\box52
\g__pdf_backend_object_int=\count270
\g__pdf_backend_annotation_int=\count271
\g__pdf_backend_link_int=\count272
))
Package: unicode-math 2020/01/31 v0.8q Unicode maths in XeLaTeX and LuaLaTeX

(c:/Users/hlore/AppData/Roaming/TinyTeX/texmf-dist/tex/latex/unicode-math/unico
de-math-xetex.sty
Package: unicode-math-xetex 2020/01/31 v0.8q Unicode maths in XeLaTeX and LuaLa
TeX

(c:/Users/hlore/AppData/Roaming/TinyTeX/texmf-dist/tex/latex/l3packages/xparse/
xparse.sty
Package: xparse 2021-11-12 L3 Experimental document command parser
)
(c:/Users/hlore/AppData/Roaming/TinyTeX/texmf-dist/tex/latex/l3packages/l3keys2
e/l3keys2e.sty
Package: l3keys2e 2021-11-12 LaTeX2e option processing using LaTeX3 keys
)
(c:/Users/hlore/AppData/Roaming/TinyTeX/texmf-dist/tex/latex/fontspec/fontspec.
sty
Package: fontspec 2020/02/21 v2.7i Font selection for XeLaTeX and LuaLaTeX

(c:/Users/hlore/AppData/Roaming/TinyTeX/texmf-dist/tex/latex/fontspec/fontspec-
xetex.sty
Package: fontspec-xetex 2020/02/21 v2.7i Font selection for XeLaTeX and LuaLaTe
X
\l__fontspec_script_int=\count273
\l__fontspec_language_int=\count274
\l__fontspec_strnum_int=\count275
\l__fontspec_tmp_int=\count276
\l__fontspec_tmpa_int=\count277
\l__fontspec_tmpb_int=\count278
\l__fontspec_tmpc_int=\count279
\l__fontspec_em_int=\count280
\l__fontspec_emdef_int=\count281
\l__fontspec_strong_int=\count282
\l__fontspec_strongdef_int=\count283
\l__fontspec_tmpa_dim=\dimen148
\l__fontspec_tmpb_dim=\dimen149
\l__fontspec_tmpc_dim=\dimen150
(c:/Users/hlore/AppData/Roaming/TinyTeX/texmf-dist/tex/latex/base/fontenc.sty
Package: fontenc 2021/04/29 v2.0v Standard LaTeX package
)
(c:/Users/hlore/AppData/Roaming/TinyTeX/texmf-dist/tex/latex/fontspec/fontspec.
cfg))) (c:/Users/hlore/AppData/Roaming/TinyTeX/texmf-dist/tex/latex/base/fix-cm
.sty
Package: fix-cm 2020/11/24 v1.1t fixes to LaTeX
(c:/Users/hlore/AppData/Roaming/TinyTeX/texmf-dist/tex/latex/base/ts1enc.def
File: ts1enc.def 2001/06/05 v3.0e (jk/car/fm) Standard LaTeX file
LaTeX Font Info:    Redeclaring font encoding TS1 on input line 47.
))
\g__um_fam_int=\count284
\g__um_fonts_used_int=\count285
\l__um_primecount_int=\count286
\g__um_primekern_muskip=\muskip17

(c:/Users/hlore/AppData/Roaming/TinyTeX/texmf-dist/tex/latex/unicode-math/unico
de-math-table.tex))) (c:/Users/hlore/AppData/Roaming/TinyTeX/texmf-dist/tex/lat
ex/xcolor/xcolor.sty
Package: xcolor 2021/10/31 v2.13 LaTeX color extensions (UK)

(c:/Users/hlore/AppData/Roaming/TinyTeX/texmf-dist/tex/latex/graphics-cfg/color
.cfg
File: color.cfg 2016/01/02 v1.6 sample color configuration
)
Package xcolor Info: Driver file: xetex.def on input line 227.

(c:/Users/hlore/AppData/Roaming/TinyTeX/texmf-dist/tex/latex/graphics-def/xetex
.def
File: xetex.def 2021/03/18 v5.0k Graphics/color driver for xetex
)
Package xcolor Info: Model `cmy' substituted by `cmy0' on input line 1352.
Package xcolor Info: Model `RGB' extended on input line 1368.
Package xcolor Info: Model `HTML' substituted by `rgb' on input line 1370.
Package xcolor Info: Model `Hsb' substituted by `hsb' on input line 1371.
Package xcolor Info: Model `tHsb' substituted by `hsb' on input line 1372.
Package xcolor Info: Model `HSB' substituted by `hsb' on input line 1373.
Package xcolor Info: Model `Gray' substituted by `gray' on input line 1374.
Package xcolor Info: Model `wave' substituted by `hsb' on input line 1375.
)
(c:/Users/hlore/AppData/Roaming/TinyTeX/texmf-dist/tex/latex/hyperref/hyperref.
sty
Package: hyperref 2021-06-07 v7.00m Hypertext links for LaTeX

(c:/Users/hlore/AppData/Roaming/TinyTeX/texmf-dist/tex/generic/ltxcmds/ltxcmds.
sty
Package: ltxcmds 2020-05-10 v1.25 LaTeX kernel commands for general use (HO)
)
(c:/Users/hlore/AppData/Roaming/TinyTeX/texmf-dist/tex/generic/pdftexcmds/pdfte
xcmds.sty
Package: pdftexcmds 2020-06-27 v0.33 Utility functions of pdfTeX for LuaTeX (HO
)

(c:/Users/hlore/AppData/Roaming/TinyTeX/texmf-dist/tex/generic/infwarerr/infwar
err.sty
Package: infwarerr 2019/12/03 v1.5 Providing info/warning/error messages (HO)
)
Package pdftexcmds Info: \pdf@primitive is available.
Package pdftexcmds Info: \pdf@ifprimitive is available.
Package pdftexcmds Info: \pdfdraftmode not found.
)
(c:/Users/hlore/AppData/Roaming/TinyTeX/texmf-dist/tex/latex/graphics/keyval.st
y
Package: keyval 2014/10/28 v1.15 key=value parser (DPC)
\KV@toks@=\toks21
)
(c:/Users/hlore/AppData/Roaming/TinyTeX/texmf-dist/tex/generic/kvsetkeys/kvsetk
eys.sty
Package: kvsetkeys 2019/12/15 v1.18 Key value parser (HO)
)
(c:/Users/hlore/AppData/Roaming/TinyTeX/texmf-dist/tex/generic/kvdefinekeys/kvd
efinekeys.sty
Package: kvdefinekeys 2019-12-19 v1.6 Define keys (HO)
)
(c:/Users/hlore/AppData/Roaming/TinyTeX/texmf-dist/tex/generic/pdfescape/pdfesc
ape.sty
Package: pdfescape 2019/12/09 v1.15 Implements pdfTeX's escape features (HO)
)
(c:/Users/hlore/AppData/Roaming/TinyTeX/texmf-dist/tex/latex/hycolor/hycolor.st
y
Package: hycolor 2020-01-27 v1.10 Color options for hyperref/bookmark (HO)
)
(c:/Users/hlore/AppData/Roaming/TinyTeX/texmf-dist/tex/latex/letltxmacro/letltx
macro.sty
Package: letltxmacro 2019/12/03 v1.6 Let assignment for LaTeX macros (HO)
)
(c:/Users/hlore/AppData/Roaming/TinyTeX/texmf-dist/tex/latex/auxhook/auxhook.st
y
Package: auxhook 2019-12-17 v1.6 Hooks for auxiliary files (HO)
)
(c:/Users/hlore/AppData/Roaming/TinyTeX/texmf-dist/tex/latex/kvoptions/kvoption
s.sty
Package: kvoptions 2020-10-07 v3.14 Key value format for package options (HO)
)
\@linkdim=\dimen151
\Hy@linkcounter=\count287
\Hy@pagecounter=\count288

(c:/Users/hlore/AppData/Roaming/TinyTeX/texmf-dist/tex/latex/hyperref/pd1enc.de
f
File: pd1enc.def 2021-06-07 v7.00m Hyperref: PDFDocEncoding definition (HO)
)
(c:/Users/hlore/AppData/Roaming/TinyTeX/texmf-dist/tex/latex/hyperref/hyperref-
langpatches.def
File: hyperref-langpatches.def 2021-06-07 v7.00m Hyperref: patches for babel la
nguages
)
(c:/Users/hlore/AppData/Roaming/TinyTeX/texmf-dist/tex/generic/intcalc/intcalc.
sty
Package: intcalc 2019/12/15 v1.3 Expandable calculations with integers (HO)
)
(c:/Users/hlore/AppData/Roaming/TinyTeX/texmf-dist/tex/generic/etexcmds/etexcmd
s.sty
Package: etexcmds 2019/12/15 v1.7 Avoid name clashes with e-TeX commands (HO)
)
\Hy@SavedSpaceFactor=\count289

(c:/Users/hlore/AppData/Roaming/TinyTeX/texmf-dist/tex/latex/hyperref/puenc.def
File: puenc.def 2021-06-07 v7.00m Hyperref: PDF Unicode definition (HO)
)
Package hyperref Info: Option `unicode' set `true' on input line 4073.
Package hyperref Info: Hyper figures OFF on input line 4192.
Package hyperref Info: Link nesting OFF on input line 4197.
Package hyperref Info: Hyper index ON on input line 4200.
Package hyperref Info: Plain pages OFF on input line 4207.
Package hyperref Info: Backreferencing OFF on input line 4212.
Package hyperref Info: Implicit mode ON; LaTeX internals redefined.
Package hyperref Info: Bookmarks ON on input line 4445.
\c@Hy@tempcnt=\count290
(c:/Users/hlore/AppData/Roaming/TinyTeX/texmf-dist/tex/latex/url/url.sty
\Urlmuskip=\muskip18
Package: url 2013/09/16  ver 3.4  Verb mode for urls, etc.
)
LaTeX Info: Redefining \url on input line 4804.
\XeTeXLinkMargin=\dimen152

(c:/Users/hlore/AppData/Roaming/TinyTeX/texmf-dist/tex/generic/bitset/bitset.st
y
Package: bitset 2019/12/09 v1.3 Handle bit-vector datatype (HO)

(c:/Users/hlore/AppData/Roaming/TinyTeX/texmf-dist/tex/generic/bigintcalc/bigin
tcalc.sty
Package: bigintcalc 2019/12/15 v1.5 Expandable calculations on big integers (HO
)
))
\Fld@menulength=\count291
\Field@Width=\dimen153
\Fld@charsize=\dimen154
Package hyperref Info: Hyper figures OFF on input line 6076.
Package hyperref Info: Link nesting OFF on input line 6081.
Package hyperref Info: Hyper index ON on input line 6084.
Package hyperref Info: backreferencing OFF on input line 6091.
Package hyperref Info: Link coloring OFF on input line 6096.
Package hyperref Info: Link coloring with OCG OFF on input line 6101.
Package hyperref Info: PDF/A mode OFF on input line 6106.
LaTeX Info: Redefining \ref on input line 6146.
LaTeX Info: Redefining \pageref on input line 6150.

(c:/Users/hlore/AppData/Roaming/TinyTeX/texmf-dist/tex/latex/base/atbegshi-ltx.
sty
Package: atbegshi-ltx 2021/01/10 v1.0c Emulation of the original atbegshi
package with kernel methods
)
\Hy@abspage=\count292
\c@Item=\count293
\c@Hfootnote=\count294
)
Package hyperref Info: Driver (autodetected): hxetex.

(c:/Users/hlore/AppData/Roaming/TinyTeX/texmf-dist/tex/latex/hyperref/hxetex.de
f
File: hxetex.def 2021-06-07 v7.00m Hyperref driver for XeTeX

(c:/Users/hlore/AppData/Roaming/TinyTeX/texmf-dist/tex/generic/stringenc/string
enc.sty
Package: stringenc 2019/11/29 v1.12 Convert strings between diff. encodings (HO
)
)
\pdfm@box=\box53
\c@Hy@AnnotLevel=\count295
\HyField@AnnotCount=\count296
\Fld@listcount=\count297
\c@bookmark@seq@number=\count298

(c:/Users/hlore/AppData/Roaming/TinyTeX/texmf-dist/tex/latex/rerunfilecheck/rer
unfilecheck.sty
Package: rerunfilecheck 2019/12/05 v1.9 Rerun checks for auxiliary files (HO)

(c:/Users/hlore/AppData/Roaming/TinyTeX/texmf-dist/tex/latex/base/atveryend-ltx
.sty
Package: atveryend-ltx 2020/08/19 v1.0a Emulation of the original atveryend pac
kage
with kernel methods
)
(c:/Users/hlore/AppData/Roaming/TinyTeX/texmf-dist/tex/generic/uniquecounter/un
iquecounter.sty
Package: uniquecounter 2019/12/15 v1.4 Provide unlimited unique counter (HO)
)
Package uniquecounter Info: New unique counter `rerunfilecheck' on input line 2
86.
)
\Hy@SectionHShift=\skip52
)
(c:/Users/hlore/AppData/Roaming/TinyTeX/texmf-dist/tex/latex/fancyvrb/fancyvrb.
sty
Package: fancyvrb 2021/11/24\nobreakspace {} 4.1a\nobreakspace {}verbatim text 
(tvz,hv)
\FV@CodeLineNo=\count299
\FV@InFile=\read2
\FV@TabBox=\box54
\c@FancyVerbLine=\count300
\FV@StepNumber=\count301
\FV@OutFile=\write3
) (c:/Users/hlore/AppData/Roaming/TinyTeX/texmf-dist/tex/latex/framed/framed.st
y
Package: framed 2011/10/22 v 0.96: framed or shaded text with page breaks
\OuterFrameSep=\skip53
\fb@frw=\dimen155
\fb@frh=\dimen156
\FrameRule=\dimen157
\FrameSep=\dimen158
)
(c:/Users/hlore/AppData/Roaming/TinyTeX/texmf-dist/tex/latex/tools/longtable.st
y
Package: longtable 2021-09-01 v4.17 Multi-page Table package (DPC)
\LTleft=\skip54
\LTright=\skip55
\LTpre=\skip56
\LTpost=\skip57
\LTchunksize=\count302
\LTcapwidth=\dimen159
\LT@head=\box55
\LT@firsthead=\box56
\LT@foot=\box57
\LT@lastfoot=\box58
\LT@gbox=\box59
\LT@cols=\count303
\LT@rows=\count304
\c@LT@tables=\count305
\c@LT@chunks=\count306
\LT@p@ftn=\toks22
)
(c:/Users/hlore/AppData/Roaming/TinyTeX/texmf-dist/tex/latex/booktabs/booktabs.
sty
Package: booktabs 2020/01/12 v1.61803398 Publication quality tables
\heavyrulewidth=\dimen160
\lightrulewidth=\dimen161
\cmidrulewidth=\dimen162
\belowrulesep=\dimen163
\belowbottomsep=\dimen164
\aboverulesep=\dimen165
\abovetopsep=\dimen166
\cmidrulesep=\dimen167
\cmidrulekern=\dimen168
\defaultaddspace=\dimen169
\@cmidla=\count307
\@cmidlb=\count308
\@aboverulesep=\dimen170
\@belowrulesep=\dimen171
\@thisruleclass=\count309
\@lastruleclass=\count310
\@thisrulewidth=\dimen172
) (c:/Users/hlore/AppData/Roaming/TinyTeX/texmf-dist/tex/latex/tools/array.sty
Package: array 2021/10/04 v2.5f Tabular extension package (FMi)
\col@sep=\dimen173
\ar@mcellbox=\box60
\extrarowheight=\dimen174
\NC@list=\toks23
\extratabsurround=\skip58
\backup@length=\skip59
\ar@cellbox=\box61
) (c:/Users/hlore/AppData/Roaming/TinyTeX/texmf-dist/tex/latex/tools/calc.sty
Package: calc 2017/05/25 v4.3 Infix arithmetic (KKT,FJ)
\calc@Acount=\count311
\calc@Bcount=\count312
\calc@Adimen=\dimen175
\calc@Bdimen=\dimen176
\calc@Askip=\skip60
\calc@Bskip=\skip61
LaTeX Info: Redefining \setlength on input line 80.
LaTeX Info: Redefining \addtolength on input line 81.
\calc@Ccount=\count313
\calc@Cskip=\skip62
)
(c:/Users/hlore/AppData/Roaming/TinyTeX/texmf-dist/tex/latex/etoolbox/etoolbox.
sty
Package: etoolbox 2020/10/05 v2.5k e-TeX tools for LaTeX (JAW)
\etb@tempcnta=\count314
)
(c:/Users/hlore/AppData/Roaming/TinyTeX/texmf-dist/tex/latex/mdwtools/footnote.
sty
Package: footnote 1997/01/28 1.13 Save footnotes around boxes
\fn@notes=\box62
\fn@width=\dimen177
)
(c:/Users/hlore/AppData/Roaming/TinyTeX/texmf-dist/tex/latex/graphics/graphicx.
sty
Package: graphicx 2021/09/16 v1.2d Enhanced LaTeX Graphics (DPC,SPQR)

(c:/Users/hlore/AppData/Roaming/TinyTeX/texmf-dist/tex/latex/graphics/graphics.
sty
Package: graphics 2021/03/04 v1.4d Standard LaTeX Graphics (DPC,SPQR)
(c:/Users/hlore/AppData/Roaming/TinyTeX/texmf-dist/tex/latex/graphics/trig.sty
Package: trig 2021/08/11 v1.11 sin cos tan (DPC)
)
(c:/Users/hlore/AppData/Roaming/TinyTeX/texmf-dist/tex/latex/graphics-cfg/graph
ics.cfg
File: graphics.cfg 2016/06/04 v1.11 sample graphics configuration
)
Package graphics Info: Driver file: xetex.def on input line 107.
)
\Gin@req@height=\dimen178
\Gin@req@width=\dimen179
)
(c:/Users/hlore/AppData/Roaming/TinyTeX/texmf-dist/tex/latex/multirow/multirow.
sty
Package: multirow 2021/03/15 v2.8 Span multiple rows of a table
\multirow@colwidth=\skip63
\multirow@cntb=\count315
\multirow@dima=\skip64
\bigstrutjot=\dimen180
)
(c:/Users/hlore/AppData/Roaming/TinyTeX/texmf-dist/tex/latex/tools/multicol.sty
Package: multicol 2021/10/28 v1.9b multicolumn formatting (FMi)
\c@tracingmulticols=\count316
\mult@box=\box63
\multicol@leftmargin=\dimen181
\c@unbalance=\count317
\c@collectmore=\count318
\doublecol@number=\count319
\multicoltolerance=\count320
\multicolpretolerance=\count321
\full@width=\dimen182
\page@free=\dimen183
\premulticols=\dimen184
\postmulticols=\dimen185
\multicolsep=\skip65
\multicolbaselineskip=\skip66
\partial@page=\box64
\last@line=\box65
\maxbalancingoverflow=\dimen186
\mult@rightbox=\box66
\mult@grightbox=\box67
\mult@firstbox=\box68
\mult@gfirstbox=\box69
\@tempa=\box70
\@tempa=\box71
\@tempa=\box72
\@tempa=\box73
\@tempa=\box74
\@tempa=\box75
\@tempa=\box76
\@tempa=\box77
\@tempa=\box78
\@tempa=\box79
\@tempa=\box80
\@tempa=\box81
\@tempa=\box82
\@tempa=\box83
\@tempa=\box84
\@tempa=\box85
\@tempa=\box86
\@tempa=\box87
\@tempa=\box88
\@tempa=\box89
\@tempa=\box90
\@tempa=\box91
\@tempa=\box92
\@tempa=\box93
\@tempa=\box94
\@tempa=\box95
\@tempa=\box96
\@tempa=\box97
\@tempa=\box98
\@tempa=\box99
\@tempa=\box100
\@tempa=\box101
\@tempa=\box102
\@tempa=\box103
\@tempa=\box104
\@tempa=\box105
\c@minrows=\count322
\c@columnbadness=\count323
\c@finalcolumnbadness=\count324
\last@try=\dimen187
\multicolovershoot=\dimen188
\multicolundershoot=\dimen189
\mult@nat@firstbox=\box106
\colbreak@box=\box107
\mc@col@check@num=\count325
)
(c:/Users/hlore/AppData/Roaming/TinyTeX/texmf-dist/tex/latex/colortbl/colortbl.
sty
Package: colortbl 2020/01/04 v1.0e Color table columns (DPC)
\everycr=\toks24
\minrowclearance=\skip67
) (c:/Users/hlore/AppData/Roaming/TinyTeX/texmf-dist/tex/latex/tools/hhline.sty
Package: hhline 2020/01/04 v2.04 Table rule package (DPC)
) (c:/Users/hlore/AppData/Roaming/TinyTeX/texmf-dist/tex/latex/natbib/natbib.st
y
Package: natbib 2010/09/13 8.31b (PWD, AO)
\bibhang=\skip68
\bibsep=\skip69
LaTeX Info: Redefining \cite on input line 694.
\c@NAT@ctr=\count326
) (./_main.aux)
\openout1 = `_main.aux'.

LaTeX Font Info:    Checking defaults for OML/cmm/m/it on input line 130.
LaTeX Font Info:    ... okay on input line 130.
LaTeX Font Info:    Checking defaults for OMS/cmsy/m/n on input line 130.
LaTeX Font Info:    ... okay on input line 130.
LaTeX Font Info:    Checking defaults for OT1/cmr/m/n on input line 130.
LaTeX Font Info:    ... okay on input line 130.
LaTeX Font Info:    Checking defaults for T1/cmr/m/n on input line 130.
LaTeX Font Info:    ... okay on input line 130.
LaTeX Font Info:    Checking defaults for TS1/cmr/m/n on input line 130.
LaTeX Font Info:    ... okay on input line 130.
LaTeX Font Info:    Checking defaults for TU/lmr/m/n on input line 130.
LaTeX Font Info:    ... okay on input line 130.
LaTeX Font Info:    Checking defaults for OMX/cmex/m/n on input line 130.
LaTeX Font Info:    ... okay on input line 130.
LaTeX Font Info:    Checking defaults for U/cmr/m/n on input line 130.
LaTeX Font Info:    ... okay on input line 130.
LaTeX Font Info:    Checking defaults for PD1/pdf/m/n on input line 130.
LaTeX Font Info:    ... okay on input line 130.
LaTeX Font Info:    Checking defaults for PU/pdf/m/n on input line 130.
LaTeX Font Info:    ... okay on input line 130.
LaTeX Font Info:    Overwriting math alphabet `\mathrm' in version `normal'
(Font)                  OT1/lmr/m/n --> TU/lmr/m/n on input line 130.
LaTeX Font Info:    Overwriting math alphabet `\mathit' in version `normal'
(Font)                  OT1/lmr/m/it --> TU/lmr/m/it on input line 130.
LaTeX Font Info:    Overwriting math alphabet `\mathbf' in version `normal'
(Font)                  OT1/lmr/bx/n --> TU/lmr/bx/n on input line 130.
LaTeX Font Info:    Overwriting math alphabet `\mathsf' in version `normal'
(Font)                  OT1/lmss/m/n --> TU/lmss/m/n on input line 130.
LaTeX Font Info:    Overwriting math alphabet `\mathsf' in version `bold'
(Font)                  OT1/lmss/bx/n --> TU/lmss/bx/n on input line 130.
LaTeX Font Info:    Overwriting math alphabet `\mathtt' in version `normal'
(Font)                  OT1/lmtt/m/n --> TU/lmtt/m/n on input line 130.
LaTeX Font Info:    Overwriting math alphabet `\mathtt' in version `bold'
(Font)                  OT1/lmtt/m/n --> TU/lmtt/bx/n on input line 130.

Package fontspec Info: latinmodern-math scale = 0.9999964596882403.


Package fontspec Info: latinmodern-math scale = 0.9999964596882403.


Package fontspec Info: latinmodern-math scale = 0.9999964596882403.


Package fontspec Info: Font family 'latinmodern-math.otf(0)' created for font
(fontspec)             'latinmodern-math.otf' with options
(fontspec)             [Scale=MatchLowercase,BoldItalicFont={},ItalicFont={},Sm
allCapsFont={},Script=Math,BoldFont={latinmodern-math.otf}].
(fontspec)              
(fontspec)              This font family consists of the following NFSS
(fontspec)             series/shapes:
(fontspec)              
(fontspec)             - 'normal' (m/n) with NFSS spec.:
(fontspec)             <->s*[0.9999964596882403]"[latinmodern-math.otf]/OT:scri
pt=math;language=dflt;"
(fontspec)             - 'small caps'  (m/sc) with NFSS spec.: 
(fontspec)             - 'bold' (b/n) with NFSS spec.:
(fontspec)             <->s*[0.9999964596882403]"[latinmodern-math.otf]/OT:scri
pt=math;language=dflt;"
(fontspec)             - 'bold small caps'  (b/sc) with NFSS spec.: 

LaTeX Font Info:    Font shape `TU/latinmodern-math.otf(0)/m/n' will be
(Font)              scaled to size 10.0pt on input line 130.

Package fontspec Info: latinmodern-math scale = 0.9999964596882403.


Package fontspec Info: latinmodern-math scale = 0.9999964596882403.


Package fontspec Info: latinmodern-math scale = 0.9999964596882403.


Package fontspec Info: latinmodern-math scale = 0.9999964596882403.


Package fontspec Info: latinmodern-math scale = 0.9999964596882403.


Package fontspec Info: Font family 'latinmodern-math.otf(1)' created for font
(fontspec)             'latinmodern-math.otf' with options
(fontspec)             [Scale=MatchLowercase,BoldItalicFont={},ItalicFont={},Sm
allCapsFont={},Script=Math,SizeFeatures={{Size=8.5-},{Size=6-8.5,Font=latinmode
rn-math.otf,Style=MathScript},{Size=-6,Font=latinmodern-math.otf,Style=MathScri
ptScript}},BoldFont={latinmodern-math.otf}].
(fontspec)              
(fontspec)              This font family consists of the following NFSS
(fontspec)             series/shapes:
(fontspec)              
(fontspec)             - 'normal' (m/n) with NFSS spec.:
(fontspec)             <8.5->s*[0.9999964596882403]"[latinmodern-math.otf]/OT:s
cript=math;language=dflt;"<6-8.5>s*[0.9999964596882403]"[latinmodern-math.otf]/
OT:script=math;language=dflt;+ssty=0;"<-6>s*[0.9999964596882403]"[latinmodern-m
ath.otf]/OT:script=math;language=dflt;+ssty=1;"
(fontspec)             - 'small caps'  (m/sc) with NFSS spec.: 
(fontspec)             - 'bold' (b/n) with NFSS spec.:
(fontspec)             <->s*[0.9999964596882403]"[latinmodern-math.otf]/OT:scri
pt=math;language=dflt;"
(fontspec)             - 'bold small caps'  (b/sc) with NFSS spec.: 

LaTeX Font Info:    Font shape `TU/latinmodern-math.otf(1)/m/n' will be
(Font)              scaled to size 10.0pt on input line 130.
LaTeX Font Info:    Encoding `OT1' has changed to `TU' for symbol font
(Font)              `operators' in the math version `normal' on input line 130.

LaTeX Font Info:    Overwriting symbol font `operators' in version `normal'
(Font)                  OT1/lmr/m/n --> TU/latinmodern-math.otf(1)/m/n on input
 line 130.
LaTeX Font Info:    Encoding `OT1' has changed to `TU' for symbol font
(Font)              `operators' in the math version `bold' on input line 130.
LaTeX Font Info:    Overwriting symbol font `operators' in version `bold'
(Font)                  OT1/lmr/bx/n --> TU/latinmodern-math.otf(1)/b/n on inpu
t line 130.

Package fontspec Info: latinmodern-math scale = 0.9999964596882403.


Package fontspec Info: latinmodern-math scale = 1.000096459334209.


Package fontspec Info: latinmodern-math scale = 0.9999964596882403.


Package fontspec Info: latinmodern-math scale = 1.000096459334209.


Package fontspec Info: latinmodern-math scale = 0.9999964596882403.


Package fontspec Info: latinmodern-math scale = 1.000096459334209.


Package fontspec Info: latinmodern-math scale = 0.9999964596882403.


Package fontspec Info: latinmodern-math scale = 1.000096459334209.


Package fontspec Info: latinmodern-math scale = 0.9999964596882403.


Package fontspec Info: latinmodern-math scale = 1.000096459334209.


Package fontspec Info: Font family 'latinmodern-math.otf(2)' created for font
(fontspec)             'latinmodern-math.otf' with options
(fontspec)             [Scale=MatchLowercase,BoldItalicFont={},ItalicFont={},Sm
allCapsFont={},Script=Math,SizeFeatures={{Size=8.5-},{Size=6-8.5,Font=latinmode
rn-math.otf,Style=MathScript},{Size=-6,Font=latinmodern-math.otf,Style=MathScri
ptScript}},BoldFont={latinmodern-math.otf},ScaleAgain=1.0001,FontAdjustment={\f
ontdimen
(fontspec)             8\font =6.77pt\relax \fontdimen 9\font =3.94pt\relax
(fontspec)             \fontdimen 10\font =4.44pt\relax \fontdimen 11\font
(fontspec)             =6.86pt\relax \fontdimen 12\font =3.45pt\relax
(fontspec)             \fontdimen 13\font =3.63pt\relax \fontdimen 14\font
(fontspec)             =3.63pt\relax \fontdimen 15\font =2.89pt\relax
(fontspec)             \fontdimen 16\font =2.47pt\relax \fontdimen 17\font
(fontspec)             =2.47pt\relax \fontdimen 18\font =2.5pt\relax
(fontspec)             \fontdimen 19\font =2.0pt\relax \fontdimen 22\font
(fontspec)             =2.5pt\relax \fontdimen 20\font =0pt\relax \fontdimen
(fontspec)             21\font =0pt\relax }].
(fontspec)              
(fontspec)              This font family consists of the following NFSS
(fontspec)             series/shapes:
(fontspec)              
(fontspec)             - 'normal' (m/n) with NFSS spec.:
(fontspec)             <8.5->s*[1.000096459334209]"[latinmodern-math.otf]/OT:sc
ript=math;language=dflt;"<6-8.5>s*[1.000096459334209]"[latinmodern-math.otf]/OT
:script=math;language=dflt;+ssty=0;"<-6>s*[1.000096459334209]"[latinmodern-math
.otf]/OT:script=math;language=dflt;+ssty=1;"
(fontspec)             - 'small caps'  (m/sc) with NFSS spec.: 
(fontspec)             and font adjustment code:
(fontspec)             \fontdimen 8\font =6.77pt\relax \fontdimen 9\font
(fontspec)             =3.94pt\relax \fontdimen 10\font =4.44pt\relax
(fontspec)             \fontdimen 11\font =6.86pt\relax \fontdimen 12\font
(fontspec)             =3.45pt\relax \fontdimen 13\font =3.63pt\relax
(fontspec)             \fontdimen 14\font =3.63pt\relax \fontdimen 15\font
(fontspec)             =2.89pt\relax \fontdimen 16\font =2.47pt\relax
(fontspec)             \fontdimen 17\font =2.47pt\relax \fontdimen 18\font
(fontspec)             =2.5pt\relax \fontdimen 19\font =2.0pt\relax \fontdimen
(fontspec)             22\font =2.5pt\relax \fontdimen 20\font =0pt\relax
(fontspec)             \fontdimen 21\font =0pt\relax 
(fontspec)             - 'bold' (b/n) with NFSS spec.:
(fontspec)             <->s*[1.000096459334209]"[latinmodern-math.otf]/OT:scrip
t=math;language=dflt;"
(fontspec)             - 'bold small caps'  (b/sc) with NFSS spec.: 
(fontspec)             and font adjustment code:
(fontspec)             \fontdimen 8\font =6.77pt\relax \fontdimen 9\font
(fontspec)             =3.94pt\relax \fontdimen 10\font =4.44pt\relax
(fontspec)             \fontdimen 11\font =6.86pt\relax \fontdimen 12\font
(fontspec)             =3.45pt\relax \fontdimen 13\font =3.63pt\relax
(fontspec)             \fontdimen 14\font =3.63pt\relax \fontdimen 15\font
(fontspec)             =2.89pt\relax \fontdimen 16\font =2.47pt\relax
(fontspec)             \fontdimen 17\font =2.47pt\relax \fontdimen 18\font
(fontspec)             =2.5pt\relax \fontdimen 19\font =2.0pt\relax \fontdimen
(fontspec)             22\font =2.5pt\relax \fontdimen 20\font =0pt\relax
(fontspec)             \fontdimen 21\font =0pt\relax 

LaTeX Font Info:    Encoding `OMS' has changed to `TU' for symbol font
(Font)              `symbols' in the math version `normal' on input line 130.
LaTeX Font Info:    Overwriting symbol font `symbols' in version `normal'
(Font)                  OMS/lmsy/m/n --> TU/latinmodern-math.otf(2)/m/n on inpu
t line 130.
LaTeX Font Info:    Encoding `OMS' has changed to `TU' for symbol font
(Font)              `symbols' in the math version `bold' on input line 130.
LaTeX Font Info:    Overwriting symbol font `symbols' in version `bold'
(Font)                  OMS/lmsy/b/n --> TU/latinmodern-math.otf(2)/b/n on inpu
t line 130.

Package fontspec Info: latinmodern-math scale = 0.9999964596882403.


Package fontspec Info: latinmodern-math scale = 0.9998964600422715.


Package fontspec Info: latinmodern-math scale = 0.9999964596882403.


Package fontspec Info: latinmodern-math scale = 0.9998964600422715.


Package fontspec Info: latinmodern-math scale = 0.9999964596882403.


Package fontspec Info: latinmodern-math scale = 0.9998964600422715.


Package fontspec Info: latinmodern-math scale = 0.9999964596882403.


Package fontspec Info: latinmodern-math scale = 0.9998964600422715.


Package fontspec Info: latinmodern-math scale = 0.9999964596882403.


Package fontspec Info: latinmodern-math scale = 0.9998964600422715.


Package fontspec Info: Font family 'latinmodern-math.otf(3)' created for font
(fontspec)             'latinmodern-math.otf' with options
(fontspec)             [Scale=MatchLowercase,BoldItalicFont={},ItalicFont={},Sm
allCapsFont={},Script=Math,SizeFeatures={{Size=8.5-},{Size=6-8.5,Font=latinmode
rn-math.otf,Style=MathScript},{Size=-6,Font=latinmodern-math.otf,Style=MathScri
ptScript}},BoldFont={latinmodern-math.otf},ScaleAgain=0.9999,FontAdjustment={\f
ontdimen
(fontspec)             8\font =0.4pt\relax \fontdimen 9\font =2.0pt\relax
(fontspec)             \fontdimen 10\font =1.67pt\relax \fontdimen 11\font
(fontspec)             =1.11pt\relax \fontdimen 12\font =6.0pt\relax
(fontspec)             \fontdimen 13\font =0pt\relax }].
(fontspec)              
(fontspec)              This font family consists of the following NFSS
(fontspec)             series/shapes:
(fontspec)              
(fontspec)             - 'normal' (m/n) with NFSS spec.:
(fontspec)             <8.5->s*[0.9998964600422715]"[latinmodern-math.otf]/OT:s
cript=math;language=dflt;"<6-8.5>s*[0.9998964600422715]"[latinmodern-math.otf]/
OT:script=math;language=dflt;+ssty=0;"<-6>s*[0.9998964600422715]"[latinmodern-m
ath.otf]/OT:script=math;language=dflt;+ssty=1;"
(fontspec)             - 'small caps'  (m/sc) with NFSS spec.: 
(fontspec)             and font adjustment code:
(fontspec)             \fontdimen 8\font =0.4pt\relax \fontdimen 9\font
(fontspec)             =2.0pt\relax \fontdimen 10\font =1.67pt\relax
(fontspec)             \fontdimen 11\font =1.11pt\relax \fontdimen 12\font
(fontspec)             =6.0pt\relax \fontdimen 13\font =0pt\relax 
(fontspec)             - 'bold' (b/n) with NFSS spec.:
(fontspec)             <->s*[0.9998964600422715]"[latinmodern-math.otf]/OT:scri
pt=math;language=dflt;"
(fontspec)             - 'bold small caps'  (b/sc) with NFSS spec.: 
(fontspec)             and font adjustment code:
(fontspec)             \fontdimen 8\font =0.4pt\relax \fontdimen 9\font
(fontspec)             =2.0pt\relax \fontdimen 10\font =1.67pt\relax
(fontspec)             \fontdimen 11\font =1.11pt\relax \fontdimen 12\font
(fontspec)             =6.0pt\relax \fontdimen 13\font =0pt\relax 

LaTeX Font Info:    Encoding `OMX' has changed to `TU' for symbol font
(Font)              `largesymbols' in the math version `normal' on input line 1
30.
LaTeX Font Info:    Overwriting symbol font `largesymbols' in version `normal'
(Font)                  OMX/lmex/m/n --> TU/latinmodern-math.otf(3)/m/n on inpu
t line 130.
LaTeX Font Info:    Encoding `OMX' has changed to `TU' for symbol font
(Font)              `largesymbols' in the math version `bold' on input line 130
.
LaTeX Font Info:    Overwriting symbol font `largesymbols' in version `bold'
(Font)                  OMX/lmex/m/n --> TU/latinmodern-math.otf(3)/b/n on inpu
t line 130.
Package hyperref Info: Link coloring OFF on input line 130.

(c:/Users/hlore/AppData/Roaming/TinyTeX/texmf-dist/tex/latex/hyperref/nameref.s
ty
Package: nameref 2021-04-02 v2.47 Cross-referencing by name of section

(c:/Users/hlore/AppData/Roaming/TinyTeX/texmf-dist/tex/latex/refcount/refcount.
sty
Package: refcount 2019/12/15 v3.6 Data extraction from label references (HO)
)
(c:/Users/hlore/AppData/Roaming/TinyTeX/texmf-dist/tex/generic/gettitlestring/g
ettitlestring.sty
Package: gettitlestring 2019/12/15 v1.6 Cleanup title references (HO)
)
\c@section@level=\count327
)
LaTeX Info: Redefining \ref on input line 130.
LaTeX Info: Redefining \pageref on input line 130.
LaTeX Info: Redefining \nameref on input line 130.
(./_main.out) (./_main.out)
\@outlinefile=\write4
\openout4 = `_main.out'.

LaTeX Font Info:    Font shape `TU/latinmodern-math.otf(1)/m/n' will be
(Font)              scaled to size 12.0pt on input line 132.
LaTeX Font Info:    Font shape `TU/latinmodern-math.otf(1)/m/n' will be
(Font)              scaled to size 8.0pt on input line 132.
LaTeX Font Info:    Font shape `TU/latinmodern-math.otf(1)/m/n' will be
(Font)              scaled to size 6.0pt on input line 132.
LaTeX Font Info:    Trying to load font information for OML+lmm on input line 1
32.
(c:/Users/hlore/AppData/Roaming/TinyTeX/texmf-dist/tex/latex/lm/omllmm.fd
File: omllmm.fd 2015/05/01 v1.6.1 Font defs for Latin Modern
)
LaTeX Font Info:    Font shape `TU/latinmodern-math.otf(2)/m/n' will be
(Font)              scaled to size 12.0011pt on input line 132.
LaTeX Font Info:    Font shape `TU/latinmodern-math.otf(2)/m/n' will be
(Font)              scaled to size 8.00073pt on input line 132.
LaTeX Font Info:    Font shape `TU/latinmodern-math.otf(2)/m/n' will be
(Font)              scaled to size 6.00055pt on input line 132.
LaTeX Font Info:    Font shape `TU/latinmodern-math.otf(3)/m/n' will be
(Font)              scaled to size 11.99872pt on input line 132.
LaTeX Font Info:    Font shape `TU/latinmodern-math.otf(3)/m/n' will be
(Font)              scaled to size 7.99915pt on input line 132.
LaTeX Font Info:    Font shape `TU/latinmodern-math.otf(3)/m/n' will be
(Font)              scaled to size 5.99936pt on input line 132.
LaTeX Font Info:    Trying to load font information for U+msa on input line 132
.
(c:/Users/hlore/AppData/Roaming/TinyTeX/texmf-dist/tex/latex/amsfonts/umsa.fd
File: umsa.fd 2013/01/14 v3.01 AMS symbols A
)
LaTeX Font Info:    Trying to load font information for U+msb on input line 132
.
(c:/Users/hlore/AppData/Roaming/TinyTeX/texmf-dist/tex/latex/amsfonts/umsb.fd
File: umsb.fd 2013/01/14 v3.01 AMS symbols B
) [1


] [2

] (./_main.toc
LaTeX Font Info:    Font shape `TU/latinmodern-math.otf(1)/m/n' will be
(Font)              scaled to size 7.0pt on input line 2.
LaTeX Font Info:    Font shape `TU/latinmodern-math.otf(1)/m/n' will be
(Font)              scaled to size 5.0pt on input line 2.
LaTeX Font Info:    Font shape `TU/latinmodern-math.otf(2)/m/n' will be
(Font)              scaled to size 10.00092pt on input line 2.
LaTeX Font Info:    Font shape `TU/latinmodern-math.otf(2)/m/n' will be
(Font)              scaled to size 7.00064pt on input line 2.
LaTeX Font Info:    Font shape `TU/latinmodern-math.otf(2)/m/n' will be
(Font)              scaled to size 5.00046pt on input line 2.
LaTeX Font Info:    Font shape `TU/latinmodern-math.otf(3)/m/n' will be
(Font)              scaled to size 9.99893pt on input line 2.
LaTeX Font Info:    Font shape `TU/latinmodern-math.otf(3)/m/n' will be
(Font)              scaled to size 6.99925pt on input line 2.
LaTeX Font Info:    Font shape `TU/latinmodern-math.otf(3)/m/n' will be
(Font)              scaled to size 4.99947pt on input line 2.
[3])
\tf@toc=\write5
\openout5 = `_main.toc'.

[4]
Chapter 1.
[5

]

Package fontspec Info: Arial scale = 0.8311536146592658.


Package fontspec Info: Arial scale = 0.8311536146592658.


Package fontspec Info: Arial scale = 0.8311536146592658.


Package fontspec Info: Arial/B scale = 0.8311536146592658.


Package fontspec Info: Arial/B scale = 0.8311536146592658.


Package fontspec Info: Arial/I scale = 0.8311536146592658.


Package fontspec Info: Arial/I scale = 0.8311536146592658.


Package fontspec Info: Arial/BI scale = 0.8311536146592658.


Package fontspec Info: Arial/BI scale = 0.8311536146592658.


Package fontspec Info: Font family 'Arial(0)' created for font 'Arial' with
(fontspec)             options [Scale=MatchLowercase,Ligatures=TeX,Scale=1].
(fontspec)              
(fontspec)              This font family consists of the following NFSS
(fontspec)             series/shapes:
(fontspec)              
(fontspec)             - 'normal' (m/n) with NFSS spec.:
(fontspec)             <->s*[1]"Arial/OT:script=latn;language=dflt;mapping=tex-
text;"
(fontspec)             - 'small caps'  (m/sc) with NFSS spec.:
(fontspec)             <->s*[1]"Arial/OT:script=latn;language=dflt;+smcp;mappin
g=tex-text;"
(fontspec)             - 'bold' (b/n) with NFSS spec.:
(fontspec)             <->s*[1]"Arial/B/OT:script=latn;language=dflt;mapping=te
x-text;"
(fontspec)             - 'bold small caps'  (b/sc) with NFSS spec.:
(fontspec)             <->s*[1]"Arial/B/OT:script=latn;language=dflt;+smcp;mapp
ing=tex-text;"
(fontspec)             - 'italic' (m/it) with NFSS spec.:
(fontspec)             <->s*[1]"Arial/I/OT:script=latn;language=dflt;mapping=te
x-text;"
(fontspec)             - 'italic small caps'  (m/scit) with NFSS spec.:
(fontspec)             <->s*[1]"Arial/I/OT:script=latn;language=dflt;+smcp;mapp
ing=tex-text;"
(fontspec)             - 'bold italic' (b/it) with NFSS spec.:
(fontspec)             <->s*[1]"Arial/BI/OT:script=latn;language=dflt;mapping=t
ex-text;"
(fontspec)             - 'bold italic small caps'  (b/scit) with NFSS spec.:
(fontspec)             <->s*[1]"Arial/BI/OT:script=latn;language=dflt;+smcp;map
ping=tex-text;"

LaTeX Font Info:    Font shape `TU/Arial(0)/m/n' will be
(Font)              scaled to size 11.0pt on input line 171.

Package fontspec Info: Arial scale = 0.9999973249515148.


Package fontspec Info: Arial scale = 0.9999973249515148.


Package fontspec Info: Arial scale = 0.9999973249515148.


Package fontspec Info: Arial/B scale = 0.9999973249515148.


Package fontspec Info: Arial/B scale = 0.9999973249515148.


Package fontspec Info: Arial/I scale = 0.9999973249515148.


Package fontspec Info: Arial/I scale = 0.9999973249515148.


Package fontspec Info: Arial/BI scale = 0.9999973249515148.


Package fontspec Info: Arial/BI scale = 0.9999973249515148.


Package fontspec Info: Font family 'Arial(1)' created for font 'Arial' with
(fontspec)             options [Scale=MatchLowercase].
(fontspec)              
(fontspec)              This font family consists of the following NFSS
(fontspec)             series/shapes:
(fontspec)              
(fontspec)             - 'normal' (m/n) with NFSS spec.:
(fontspec)             <->s*[0.9999973249515148]"Arial/OT:script=latn;language=
dflt;"
(fontspec)             - 'small caps'  (m/sc) with NFSS spec.:
(fontspec)             <->s*[0.9999973249515148]"Arial/OT:script=latn;language=
dflt;+smcp;"
(fontspec)             - 'bold' (b/n) with NFSS spec.:
(fontspec)             <->s*[0.9999973249515148]"Arial/B/OT:script=latn;languag
e=dflt;"
(fontspec)             - 'bold small caps'  (b/sc) with NFSS spec.:
(fontspec)             <->s*[0.9999973249515148]"Arial/B/OT:script=latn;languag
e=dflt;+smcp;"
(fontspec)             - 'italic' (m/it) with NFSS spec.:
(fontspec)             <->s*[0.9999973249515148]"Arial/I/OT:script=latn;languag
e=dflt;"
(fontspec)             - 'italic small caps'  (m/scit) with NFSS spec.:
(fontspec)             <->s*[0.9999973249515148]"Arial/I/OT:script=latn;languag
e=dflt;+smcp;"
(fontspec)             - 'bold italic' (b/it) with NFSS spec.:
(fontspec)             <->s*[0.9999973249515148]"Arial/BI/OT:script=latn;langua
ge=dflt;"
(fontspec)             - 'bold italic small caps'  (b/scit) with NFSS spec.:
(fontspec)             <->s*[0.9999973249515148]"Arial/BI/OT:script=latn;langua
ge=dflt;+smcp;"

LaTeX Font Info:    Overwriting math alphabet `\mathrm' in version `normal'
(Font)                  TU/lmr/m/n --> TU/Arial(1)/m/n on input line 171.
LaTeX Font Info:    Overwriting math alphabet `\mathit' in version `normal'
(Font)                  TU/lmr/m/it --> TU/Arial(1)/m/it on input line 171.
LaTeX Font Info:    Overwriting math alphabet `\mathbf' in version `normal'
(Font)                  TU/lmr/bx/n --> TU/Arial(1)/b/n on input line 171.

Package fontspec Info: Arial scale = 0.8311536146592658.


Package fontspec Info: Arial scale = 0.8311536146592658.


Package fontspec Info: Arial scale = 0.8311536146592658.


Package fontspec Info: Arial scale = 0.8311536146592658.


Package fontspec Info: Arial scale = 0.8311536146592658.


Package fontspec Info: Arial scale = 0.8311536146592658.


Package fontspec Info: Arial scale = 0.8311536146592658.


Package fontspec Info: Arial scale = 0.8311536146592658.


Package fontspec Info: Arial scale = 0.8311536146592658.


Package fontspec Info: Arial scale = 0.8311536146592658.


Package fontspec Info: Arial scale = 0.8311536146592658.


Package fontspec Info: Arial scale = 0.8311536146592658.


Package fontspec Info: Arial scale = 0.8311536146592658.


Package fontspec Info: Arial scale = 0.8311536146592658.


Package fontspec Info: Arial scale = 0.8311536146592658.


Package fontspec Info: Arial scale = 0.8311536146592658.


Package fontspec Info: Arial scale = 0.8311536146592658.


Package fontspec Info: Arial scale = 0.8311536146592658.

[6]
File: _main_files/figure-latex/Figur-1.pdf Graphic file (type pdf)
<use _main_files/figure-latex/Figur-1.pdf>
[7] [8]
Chapter 2.
[9

] [10

]
Chapter 3.
[11] [12] [13] [14] [15] [16

]
Chapter 4.

Package natbib Warning: Citation `Geirsdottir' on page 17 undefined on input li
ne 456.


Package natbib Warning: Citation `Schott' on page 17 undefined on input line 45
6.


Package natbib Warning: Citation `Turpela' on page 17 undefined on input line 4
56.


Package natbib Warning: Citation `vikberg' on page 17 undefined on input line 4
56.


Package natbib Warning: Citation `vincent' on page 17 undefined on input line 4
56.


Package natbib Warning: Citation `Schott' on page 17 undefined on input line 46
0.


Package natbib Warning: Citation `Turpela' on page 17 undefined on input line 4
60.


Package natbib Warning: Citation `vikberg' on page 17 undefined on input line 4
60.


Package natbib Warning: Citation `vincent' on page 17 undefined on input line 4
60.


Package natbib Warning: Citation `Schott' on page 17 undefined on input line 46
1.


Package natbib Warning: Citation `Schott' on page 17 undefined on input line 46
2.


Package natbib Warning: Citation `Geirsdottir' on page 17 undefined on input li
ne 463.


Package natbib Warning: Citation `Geirsdottir' on page 17 undefined on input li
ne 463.


Package natbib Warning: Citation `Geirsdottir' on page 17 undefined on input li
ne 464.


Package natbib Warning: Citation `Geirsdottir' on page 17 undefined on input li
ne 466.


Package natbib Warning: Citation `Turpela' on page 17 undefined on input line 4
66.


Package natbib Warning: Citation `vikberg' on page 17 undefined on input line 4
66.


Package natbib Warning: Citation `vincent' on page 17 undefined on input line 4
66.


Package natbib Warning: Citation `Geirsdottir' on page 17 undefined on input li
ne 467.


Package natbib Warning: Citation `Schott' on page 17 undefined on input line 46
7.


Package natbib Warning: Citation `Turpela' on page 17 undefined on input line 4
67.


Package natbib Warning: Citation `vikberg' on page 17 undefined on input line 4
67.


Package natbib Warning: Citation `vincent' on page 17 undefined on input line 4
67.


Package natbib Warning: Citation `vikberg' on page 17 undefined on input line 4
69.


Package natbib Warning: Citation `Schott' on page 17 undefined on input line 47
4.


Package natbib Warning: Citation `Turpela' on page 17 undefined on input line 4
74.


Package natbib Warning: Citation `vikberg' on page 17 undefined on input line 4
74.


Package natbib Warning: Citation `vincent' on page 17 undefined on input line 4
76.


Package natbib Warning: Citation `Schott' on page 17 undefined on input line 47
7.


Package natbib Warning: Citation `Turpela' on page 17 undefined on input line 4
77.


Package natbib Warning: Citation `vikberg' on page 17 undefined on input line 4
77.


Package natbib Warning: Citation `vincent' on page 17 undefined on input line 4
78.


Package natbib Warning: Citation `Hulley' on page 17 undefined on input line 48
0.

[17]

Package natbib Warning: Citation `Geirsdottir' on page 18 undefined on input li
ne 482.


Package natbib Warning: Citation `Schott' on page 18 undefined on input line 48
2.


Package natbib Warning: Citation `Turpela' on page 18 undefined on input line 4
82.


Package natbib Warning: Citation `vikberg' on page 18 undefined on input line 4
82.


Package natbib Warning: Citation `vincent' on page 18 undefined on input line 4
82.


Package natbib Warning: Citation `Hulley' on page 18 undefined on input line 48
4.


Package natbib Warning: Citation `Geirsdottir' on page 18 undefined on input li
ne 486.


Package natbib Warning: Citation `Geirsdottir' on page 18 undefined on input li
ne 487.


Package natbib Warning: Citation `Geirsdottir' on page 18 undefined on input li
ne 488.


Package natbib Warning: Citation `Geirsdottir' on page 18 undefined on input li
ne 489.


Package natbib Warning: Citation `Hulley' on page 18 undefined on input line 49
1.


Package natbib Warning: Citation `Hulley' on page 18 undefined on input line 49
3.


Package natbib Warning: Citation `Geirsdottir' on page 18 undefined on input li
ne 494.


Package natbib Warning: Citation `Geirsdottir' on page 18 undefined on input li
ne 497.


Package natbib Warning: Citation `Schott' on page 18 undefined on input line 49
7.


Package natbib Warning: Citation `Turpela' on page 18 undefined on input line 4
97.


Package natbib Warning: Citation `vikberg' on page 18 undefined on input line 4
97.


Package natbib Warning: Citation `vincent' on page 18 undefined on input line 4
97.


Package natbib Warning: Citation `Geirsdottir' on page 18 undefined on input li
ne 498.


Package natbib Warning: Citation `Schott' on page 18 undefined on input line 49
8.


Package natbib Warning: Citation `Turpela' on page 18 undefined on input line 4
98.


Package natbib Warning: Citation `vikberg' on page 18 undefined on input line 4
98.


Package natbib Warning: Citation `vincent' on page 18 undefined on input line 4
98.


Package natbib Warning: Citation `vikberg' on page 18 undefined on input line 5
01.


Package natbib Warning: Citation `vikberg' on page 18 undefined on input line 5
02.


Package natbib Warning: Citation `Geirsdottir' on page 18 undefined on input li
ne 503.


Package natbib Warning: Citation `Schott' on page 18 undefined on input line 50
3.


Package natbib Warning: Citation `Turpela' on page 18 undefined on input line 5
03.


Package natbib Warning: Citation `vikberg' on page 18 undefined on input line 5
03.


Package natbib Warning: Citation `vincent' on page 18 undefined on input line 5
03.

[18]

Package natbib Warning: Citation `Schott' on page 19 undefined on input line 50
5.


Package natbib Warning: Citation `Geirsdottir' on page 19 undefined on input li
ne 505.


Package natbib Warning: Citation `Turpela' on page 19 undefined on input line 5
05.


Package natbib Warning: Citation `vikberg' on page 19 undefined on input line 5
05.


Package natbib Warning: Citation `vincent' on page 19 undefined on input line 5
05.


Package natbib Warning: Citation `Schott' on page 19 undefined on input line 50
6.


Package natbib Warning: Citation `Geirsdottir' on page 19 undefined on input li
ne 507.


Package natbib Warning: Citation `Schott' on page 19 undefined on input line 50
7.


Package natbib Warning: Citation `Turpela' on page 19 undefined on input line 5
07.


Package natbib Warning: Citation `vikberg' on page 19 undefined on input line 5
07.


Package natbib Warning: Citation `vincent' on page 19 undefined on input line 5
07.


Package natbib Warning: Citation `Schott' on page 19 undefined on input line 50
8.


Package natbib Warning: Citation `vincent' on page 19 undefined on input line 5
08.


Package natbib Warning: Citation `Schott' on page 19 undefined on input line 50
9.


Package natbib Warning: Citation `Turpela' on page 19 undefined on input line 5
11.


Package natbib Warning: Citation `Geirsdottir' on page 19 undefined on input li
ne 513.


Package natbib Warning: Citation `Schott' on page 19 undefined on input line 51
3.


Package natbib Warning: Citation `Turpela' on page 19 undefined on input line 5
13.


Package natbib Warning: Citation `vikberg' on page 19 undefined on input line 5
13.


Package natbib Warning: Citation `vincent' on page 19 undefined on input line 5
13.


Package natbib Warning: Citation `Geirsdottir' on page 19 undefined on input li
ne 514.


Package natbib Warning: Citation `Schott' on page 19 undefined on input line 51
4.


Package natbib Warning: Citation `Turpela' on page 19 undefined on input line 5
14.


Package natbib Warning: Citation `vikberg' on page 19 undefined on input line 5
14.


Package natbib Warning: Citation `vincent' on page 19 undefined on input line 5
14.


Package natbib Warning: Citation `Geirsdottir' on page 19 undefined on input li
ne 517.


Package natbib Warning: Citation `Schott' on page 19 undefined on input line 51
7.


Package natbib Warning: Citation `Turpela' on page 19 undefined on input line 5
17.


Package natbib Warning: Citation `vikberg' on page 19 undefined on input line 5
17.


Package natbib Warning: Citation `vincent' on page 19 undefined on input line 5
17.


Package natbib Warning: Citation `vincent' on page 19 undefined on input line 5
18.


Package natbib Warning: Citation `Geirsdottir' on page 19 undefined on input li
ne 519.


Package natbib Warning: Citation `Schott' on page 19 undefined on input line 51
9.


Package natbib Warning: Citation `Turpela' on page 19 undefined on input line 5
19.


Package natbib Warning: Citation `vikberg' on page 19 undefined on input line 5
19.


Package natbib Warning: Citation `Schott' on page 19 undefined on input line 52
0.


Package natbib Warning: Citation `Turpela' on page 19 undefined on input line 5
20.


Package natbib Warning: Citation `vikberg' on page 19 undefined on input line 5
20.


Package natbib Warning: Citation `vincent' on page 19 undefined on input line 5
20.


Package natbib Warning: Citation `Geirsdottir' on page 19 undefined on input li
ne 521.


Package natbib Warning: Citation `Schott' on page 19 undefined on input line 52
1.


Package natbib Warning: Citation `vikberg' on page 19 undefined on input line 5
21.


Package natbib Warning: Citation `vincent' on page 19 undefined on input line 5
21.


Package natbib Warning: Citation `Geirsdottir' on page 19 undefined on input li
ne 523.


Package natbib Warning: Citation `Schott' on page 19 undefined on input line 52
3.


Package natbib Warning: Citation `Turpela' on page 19 undefined on input line 5
23.


Package natbib Warning: Citation `vikberg' on page 19 undefined on input line 5
23.


Package natbib Warning: Citation `vincent' on page 19 undefined on input line 5
23.


Package natbib Warning: Citation `Geirsdottir' on page 19 undefined on input li
ne 524.


Package natbib Warning: Citation `Schott' on page 19 undefined on input line 52
4.


Package natbib Warning: Citation `Turpela' on page 19 undefined on input line 5
24.


Package natbib Warning: Citation `vikberg' on page 19 undefined on input line 5
24.


Package natbib Warning: Citation `vincent' on page 19 undefined on input line 5
24.


Package natbib Warning: Citation `vincent' on page 19 undefined on input line 5
25.


Package natbib Warning: Citation `vincent' on page 19 undefined on input line 5
26.

[19]

Package natbib Warning: Citation `Geirsdottir' on page 20 undefined on input li
ne 529.


Package natbib Warning: Citation `vikberg' on page 20 undefined on input line 5
29.


Package natbib Warning: Citation `vincent' on page 20 undefined on input line 5
29.


Package natbib Warning: Citation `vincent' on page 20 undefined on input line 5
30.


Package natbib Warning: Citation `vincent' on page 20 undefined on input line 5
31.


Package natbib Warning: Citation `Turpela' on page 20 undefined on input line 5
32.


Package natbib Warning: Citation `Schott' on page 20 undefined on input line 53
3.


Package natbib Warning: Citation `Turpela' on page 20 undefined on input line 5
33.


Package natbib Warning: Citation `vikberg' on page 20 undefined on input line 5
33.


Package natbib Warning: Citation `vincent' on page 20 undefined on input line 5
33.


Package natbib Warning: Citation `Schott' on page 20 undefined on input line 53
4.


Package natbib Warning: Citation `Geirsdottir' on page 20 undefined on input li
ne 535.


Package natbib Warning: Citation `Schott' on page 20 undefined on input line 53
8.


Package natbib Warning: Citation `Turpela' on page 20 undefined on input line 5
38.


Package natbib Warning: Citation `vincent' on page 20 undefined on input line 5
38.


Package natbib Warning: Citation `vikberg' on page 20 undefined on input line 5
39.


Package natbib Warning: Citation `Geirsdottir' on page 20 undefined on input li
ne 539.


Package natbib Warning: Citation `Schott' on page 20 undefined on input line 53
9.


Package natbib Warning: Citation `Turpela' on page 20 undefined on input line 5
39.


Package natbib Warning: Citation `vincent' on page 20 undefined on input line 5
39.


Package natbib Warning: Citation `vikberg' on page 20 undefined on input line 5
40.


Package natbib Warning: Citation `vikberg' on page 20 undefined on input line 5
45.


Package natbib Warning: Citation `Schott' on page 20 undefined on input line 54
5.


Package natbib Warning: Citation `Turpela' on page 20 undefined on input line 5
45.


Package natbib Warning: Citation `vincent' on page 20 undefined on input line 5
45.


Package natbib Warning: Citation `vikberg' on page 20 undefined on input line 5
46.


Package natbib Warning: Citation `Schott' on page 20 undefined on input line 54
6.


Package natbib Warning: Citation `Turpela' on page 20 undefined on input line 5
46.


Package natbib Warning: Citation `vincent' on page 20 undefined on input line 5
46.


Package natbib Warning: Citation `Geirsdottir' on page 20 undefined on input li
ne 547.


Package natbib Warning: Citation `Schott' on page 20 undefined on input line 54
7.


Package natbib Warning: Citation `Turpela' on page 20 undefined on input line 5
47.


Package natbib Warning: Citation `vikberg' on page 20 undefined on input line 5
47.


Package natbib Warning: Citation `Schott' on page 20 undefined on input line 54
8.


Package natbib Warning: Citation `Turpela' on page 20 undefined on input line 5
48.


Package natbib Warning: Citation `vikberg' on page 20 undefined on input line 5
48.


Package natbib Warning: Citation `vincent' on page 20 undefined on input line 5
48.


Package natbib Warning: Citation `Geirsdottir' on page 20 undefined on input li
ne 549.


Package natbib Warning: Citation `Geirsdottir' on page 20 undefined on input li
ne 550.


Package natbib Warning: Citation `Schott' on page 20 undefined on input line 55
0.


Package natbib Warning: Citation `Turpela' on page 20 undefined on input line 5
50.


Package natbib Warning: Citation `vikberg' on page 20 undefined on input line 5
50.


Package natbib Warning: Citation `vincent' on page 20 undefined on input line 5
50.

[20]

Package natbib Warning: Citation `Geirsdottir' on page 21 undefined on input li
ne 552.


Package natbib Warning: Citation `Schott' on page 21 undefined on input line 55
2.


Package natbib Warning: Citation `Turpela' on page 21 undefined on input line 5
52.


Package natbib Warning: Citation `vikberg' on page 21 undefined on input line 5
52.


Package natbib Warning: Citation `vincent' on page 21 undefined on input line 5
52.


Package natbib Warning: Citation `Turpela' on page 21 undefined on input line 5
53.


Package natbib Warning: Citation `vikberg' on page 21 undefined on input line 5
53.


Package natbib Warning: Citation `Schott' on page 21 undefined on input line 55
4.


Package natbib Warning: Citation `vincent' on page 21 undefined on input line 5
55.


Package natbib Warning: Citation `Geirsdottir' on page 21 undefined on input li
ne 556.


Package natbib Warning: Citation `Schott' on page 21 undefined on input line 55
6.


Package natbib Warning: Citation `Turpela' on page 21 undefined on input line 5
56.


Package natbib Warning: Citation `Geirsdottir' on page 21 undefined on input li
ne 557.


Package natbib Warning: Citation `Schott' on page 21 undefined on input line 55
7.


Package natbib Warning: Citation `Turpela' on page 21 undefined on input line 5
57.


Package natbib Warning: Citation `vikberg' on page 21 undefined on input line 5
57.


Package natbib Warning: Citation `vincent' on page 21 undefined on input line 5
57.


Package natbib Warning: Citation `Geirsdottir' on page 21 undefined on input li
ne 558.


Package natbib Warning: Citation `Schott' on page 21 undefined on input line 55
8.


Package natbib Warning: Citation `Turpela' on page 21 undefined on input line 5
58.


Package natbib Warning: Citation `vikberg' on page 21 undefined on input line 5
58.


Package natbib Warning: Citation `vincent' on page 21 undefined on input line 5
58.


Package natbib Warning: Citation `Geirsdottir' on page 21 undefined on input li
ne 559.


Package natbib Warning: Citation `Schott' on page 21 undefined on input line 55
9.


Package natbib Warning: Citation `Turpela' on page 21 undefined on input line 5
59.


Package natbib Warning: Citation `vikberg' on page 21 undefined on input line 5
59.


Package natbib Warning: Citation `vincent' on page 21 undefined on input line 5
59.


Package natbib Warning: Citation `Turpela' on page 21 undefined on input line 5
64.


Package natbib Warning: Citation `Schott' on page 21 undefined on input line 56
5.


Package natbib Warning: Citation `Turpela' on page 21 undefined on input line 5
66.


Overfull \hbox (2.10942pt too wide) in paragraph at lines 580--580
[]|\TU/lmr/m/n/10 Studie|  
 []


Overfull \hbox (18.39197pt too wide) in paragraph at lines 580--580
[]|\TU/lmr/m/n/10 Studiesprsml|  
 []


Package natbib Warning: Citation `Turpela' on page 21 undefined on input line 5
83.


Overfull \hbox (9.87941pt too wide) in paragraph at lines 583--583
\TU/lmr/m/n/10 al. 2017] 
 []


Overfull \hbox (1.71196pt too wide) in paragraph at lines 599--602
\TU/lmr/m/n/10 kroppssam- 
 []


Package natbib Warning: Citation `Schott' on page 21 undefined on input line 60
5.


Overfull \hbox (8.35942pt too wide) in paragraph at lines 605--605
\TU/lmr/m/n/10 Johnen, 
 []


Overfull \hbox (13.79941pt too wide) in paragraph at lines 605--605
\TU/lmr/m/n/10 Holfelder 
 []


Overfull \hbox (17.41196pt too wide) in paragraph at lines 608--611
[]\TU/lmr/m/n/10 1.Sammenligne 
 []


Package natbib Warning: Citation `vikberg' on page 21 undefined on input line 6
35.


Overfull \hbox (9.87941pt too wide) in paragraph at lines 635--635
\TU/lmr/m/n/10 al. 2019] 
 []


Overfull \hbox (7.28197pt too wide) in paragraph at lines 635--638
\TU/lmr/m/n/10 styrkevelser 
 []


Overfull \hbox (1.71196pt too wide) in paragraph at lines 635--638
\TU/lmr/m/n/10 kroppssam- 
 []


Overfull \hbox (20.81197pt too wide) in paragraph at lines 638--639
[]|\TU/lmr/m/n/10 Styrketreningen 
 []


Overfull \hbox (4.21196pt too wide) in paragraph at lines 648--651
\TU/lmr/m/n/10 Kroppssam- 
 []


Overfull \hbox (10.81197pt too wide) in paragraph at lines 651--654
[]|\TU/lmr/m/n/10 Styrketrening 
 []


Package natbib Warning: Citation `Geirsdottir' on page 21 undefined on input li
ne 654.


Overfull \hbox (9.87941pt too wide) in paragraph at lines 654--654
\TU/lmr/m/n/10 al. 2012] 
 []


Overfull \hbox (2.19196pt too wide) in paragraph at lines 654--657
\TU/lmr/m/n/10 livskvalitet, 
 []


Overfull \hbox (1.71196pt too wide) in paragraph at lines 654--657
\TU/lmr/m/n/10 kroppssam- 
 []


Overfull \hbox (20.81197pt too wide) in paragraph at lines 657--659
[]|\TU/lmr/m/n/10 Styrketreningen 
 []


Overfull \hbox (2.19196pt too wide) in paragraph at lines 657--659
\TU/lmr/m/n/10 livskvalitet.|  
 []


Overfull \hbox (10.81197pt too wide) in paragraph at lines 659--660
[]|\TU/lmr/m/n/10 Styrketrening 
 []


Overfull \hbox (1.71196pt too wide) in paragraph at lines 671--675
\TU/lmr/m/n/10 kroppssam- 
 []


Overfull \hbox (2.19196pt too wide) in paragraph at lines 671--675
\TU/lmr/m/n/10 livskvalitet. 
 []


Package natbib Warning: Citation `vincent' on page 21 undefined on input line 6
75.


Overfull \hbox (9.87941pt too wide) in paragraph at lines 675--675
\TU/lmr/m/n/10 al. 2002] 
 []


Overfull \hbox (3.08195pt too wide) in paragraph at lines 675--677
\TU/lmr/m/n/10 repetisjoner 
 []


Overfull \hbox (3.08195pt too wide) in paragraph at lines 675--677
\TU/lmr/m/n/10 repetisjoner 
 []


Overfull \hbox (10.81197pt too wide) in paragraph at lines 677--679
[]|\TU/lmr/m/n/10 Styrketrening 
 []


Overfull \hbox (3.08195pt too wide) in paragraph at lines 677--679
\TU/lmr/m/n/10 repetisjoner 
 []


Overfull \hbox (5.86195pt too wide) in paragraph at lines 677--679
\TU/lmr/m/n/10 repetisjoner.|  
 []


Overfull \hbox (2.27196pt too wide) in paragraph at lines 690--694
\TU/lmr/m/n/10 skaderisiko.|  
 []

[21] [22] [23] [24] [25] [26] [27] [28

]
Chapter 5.
[29]
Underfull \vbox (badness 1005) has occurred while \output is active []

[30] [31]
File: _main_files/figure-latex/figur-1.pdf Graphic file (type pdf)
<use _main_files/figure-latex/figur-1.pdf>
[32]
File: _main_files/figure-latex/styrkefigur-1.pdf Graphic file (type pdf)
<use _main_files/figure-latex/styrkefigur-1.pdf>

Package fontspec Info: Arial scale = 0.8311536146592658.


Package fontspec Info: Arial scale = 0.8311536146592658.


Package fontspec Info: Arial scale = 0.8311536146592658.


Package fontspec Info: Arial scale = 0.8311536146592658.


Package fontspec Info: Arial scale = 0.8311536146592658.


Package fontspec Info: Arial scale = 0.8311536146592658.


Package fontspec Info: Arial scale = 0.8311536146592658.


Package fontspec Info: Arial scale = 0.8311536146592658.


Package fontspec Info: Arial scale = 0.8311536146592658.


Package fontspec Info: Arial scale = 0.8311536146592658.


Package fontspec Info: Arial scale = 0.8311536146592658.


Package fontspec Info: Arial scale = 0.8311536146592658.


Package fontspec Info: Arial scale = 0.8311536146592658.

[33] [34] [35] [36

]
Chapter 6.

Package natbib Warning: Citation `article' on page 37 undefined on input line 8
65.


Package natbib Warning: Citation `article' on page 37 undefined on input line 8
80.


Underfull \hbox (badness 10000) in paragraph at lines 880--894
\TU/lmr/m/n/10 = {[]$[][][][][] [] [] [] [][][][][][][][] [] [][][] [] [][][] [
] [][][][][] [] [][][][][][][] [][] [][][][][][] [] [][][] [] [][] [] [][][][] 
[] [][][][][] [] [][] [][]
 []


Package natbib Warning: Citation `article' on page 37 undefined on input line 8
95.


Underfull \hbox (badness 1132) in paragraph at lines 895--902
\TU/lmr/m/n/10 year = {2017}, date = {2017}, url = {[]$[][][][][] [] [] [] [][]
[] [] [][][][][][][][][][][][][] [] [][] []
 []


Package natbib Warning: Citation `article' on page 37 undefined on input line 9
03.


Package natbib Warning: Citation `article' on page 37 undefined on input line 9
18.


Package natbib Warning: Citation `article' on page 37 undefined on input line 9
31.

[37]

Package natbib Warning: Citation `article' on page 38 undefined on input line 9
46.


Package natbib Warning: Citation `article' on page 38 undefined on input line 9
61.


Package natbib Warning: Citation `article' on page 38 undefined on input line 9
76.


Package natbib Warning: Citation `book' on page 38 undefined on input line 991.



Package natbib Warning: Citation `book' on page 38 undefined on input line 1004
.


Package natbib Warning: Citation `book' on page 38 undefined on input line 1014
.


Package natbib Warning: Citation `book' on page 38 undefined on input line 1023
.


Package natbib Warning: Citation `misc' on page 38 undefined on input line 1032
.

[38]

Package natbib Warning: Citation `article' on page 39 undefined on input line 1
043.


Package natbib Warning: Citation `article' on page 39 undefined on input line 1
065.


Underfull \hbox (badness 10000) in paragraph at lines 1065--1080
[] [] [][][][][][][][] [] [][][][] [] [][][] [] [][][][][][][][][][][][] [] [][
][][][][][] [] [][] [] [][] [] [][][][] [] [][][][][][][] [] [][][][] [] [][][]
[][][][]$[]\TU/lmr/m/n/10 },
 []


Package natbib Warning: Citation `article' on page 39 undefined on input line 1
081.


Package natbib Warning: Citation `article' on page 39 undefined on input line 1
096.


Package natbib Warning: Citation `article' on page 39 undefined on input line 1
106.


Package natbib Warning: Citation `article' on page 39 undefined on input line 1
128.


Package natbib Warning: Citation `misc' on page 39 undefined on input line 1141
.


Underfull \hbox (badness 1194) in paragraph at lines 1141--1150
[]\TU/lmr/bx/n/10 ?\TU/lmr/m/n/10 {statistisksentralbyr2019, title = {Styrketr
ening stadig mer populrt},
 []

[39]

Package natbib Warning: Citation `article' on page 40 undefined on input line 1
151.


Underfull \hbox (badness 4726) in paragraph at lines 1151--1165
[]\TU/lmr/bx/n/10 ?\TU/lmr/m/n/10 {galvo2005, title = {Resistance Exercise Dos
age in Older Adults:
 []


Underfull \hbox (badness 6575) in paragraph at lines 1151--1165
\TU/lmr/m/n/10 Single- Versus Multiset Effects on Physical Performance and Body

 []


Underfull \hbox (badness 2126) in paragraph at lines 1151--1165
\TU/lmr/m/n/10 Composition}, author = {{Galvo}, {Daniel A.} and {Taaffe}, {Den
-
 []


Underfull \hbox (badness 1546) in paragraph at lines 1151--1165
\TU/lmr/m/n/10 nis R.}}, year = {2005}, date = {2005}, journal = {Journal of th
e
 []


Underfull \hbox (badness 2818) in paragraph at lines 1151--1165
\TU/lmr/m/n/10 American Geriatrics Society}, pages = {20902097}, volume = {53}
,
 []


Underfull \hbox (badness 10000) in paragraph at lines 1151--1165
\TU/lmr/m/n/10 {{_}eprint: []$[][][][][] [] [] [] [][][][][][][][][][][] [] [][
][][][][][][][][][][][] [] [][][][][] [] [][][] [] [][][] [] [][][] [] [][] [] 
[][][][] [] [] []
 []


Package natbib Warning: Citation `article' on page 40 undefined on input line 1
166.


Underfull \hbox (badness 1062) in paragraph at lines 1166--1179
\TU/lmr/m/n/10 weightlifters}, author = {{Hass}, {Chris J.} and {Garzarella}, {
Linda}
 []


Underfull \hbox (badness 1418) in paragraph at lines 1166--1179
\TU/lmr/m/n/10 month = {01}, date = {2000-01}, journal = {Medicine & Science in

 []


Underfull \hbox (badness 10000) in paragraph at lines 1166--1179
\TU/lmr/m/n/10 {[]$[][][][][] [] [] [] [][][][][][][][] [] [][][] [] [][][] [] 
[][][][] [][] [][][][] [] [][][][][][][][] [] [][][][] [] [][][][][] [] [][][][
][][] [] [][][][][][] []
 []


Package natbib Warning: Citation `article' on page 40 undefined on input line 1
180.


Underfull \hbox (badness 10000) in paragraph at lines 1180--1194
[][][][][][][][] [] [][][][] [] [][][][][] [] [][][][][][] [] [][][][][][] [] [
][][][][][][][] [] [][][][] [] [][] [] [][][][][][][][][][] [] [][] [] [][][][]
$[]\TU/lmr/m/n/10 },
 []


Package natbib Warning: Citation `article' on page 40 undefined on input line 1
195.


Package natbib Warning: Citation `article' on page 40 undefined on input line 1
210.


Underfull \hbox (badness 10000) in paragraph at lines 1210--1224
\TU/lmr/m/n/10 {[]$[][][][][] [] [] [] [][][][][][][][] [] [][][] [] [][][] [] 
[][][][] [][] [][][][] [] [][][][][][][][] [] [][][][] [] [][][][][] [] [][][][
][][][][][][] []
 []


Package natbib Warning: Citation `article' on page 40 undefined on input line 1
225.


Underfull \hbox (badness 1571) in paragraph at lines 1225--1239
[]\TU/lmr/bx/n/10 ?\TU/lmr/m/n/10 {schoenfeld2016, title = {Effects of Resistan
ce Training Frequency on
 []


Underfull \hbox (badness 3989) in paragraph at lines 1225--1239
\TU/lmr/m/n/10 Measures of Muscle Hypertrophy: A Systematic Review and Meta-
 []


Underfull \hbox (badness 2608) in paragraph at lines 1225--1239
\TU/lmr/m/n/10 Analysis}, author = {{Schoenfeld}, {Brad J.} and {Ogborn}, {Dan}

 []


Underfull \hbox (badness 1163) in paragraph at lines 1225--1239
\TU/lmr/m/n/10 and {Krieger}, {James W.}}, year = {2016}, month = {11}, date =
 []


Underfull \hbox (badness 1331) in paragraph at lines 1225--1239
\TU/lmr/m/n/10 {2016-11-01}, journal = {Sports Medicine}, pages = {16891697}, 
vol-
 []

[40]

Package natbib Warning: Citation `article' on page 41 undefined on input line 1
240.


Package natbib Warning: Citation `article' on page 41 undefined on input line 1
255.


Underfull \hbox (badness 1077) in paragraph at lines 1255--1269
\TU/lmr/m/n/10 {2003-02}, journal = {Journal of Strength and Conditioning Resea
rch},
 []


Package natbib Warning: Citation `article' on page 41 undefined on input line 1
270.


Package natbib Warning: Citation `article' on page 41 undefined on input line 1
285.


Underfull \hbox (badness 1077) in paragraph at lines 1285--1298
\TU/lmr/m/n/10 {Tyler A.} and {Witard}, {Oliver} and {Breen}, {Leigh} and {Burd
},
 []


Package natbib Warning: Citation `article' on page 41 undefined on input line 1
299.

[41]

Package natbib Warning: Citation `article' on page 42 undefined on input line 1
314.


Package natbib Warning: Citation `article' on page 42 undefined on input line 1
328.


Package natbib Warning: Citation `article' on page 42 undefined on input line 1
342.


Package natbib Warning: Citation `article' on page 42 undefined on input line 1
357.


Package natbib Warning: Citation `book' on page 42 undefined on input line 1372
.


Underfull \hbox (badness 1215) in paragraph at lines 1372--1381
[]\TU/lmr/bx/n/10 ?\TU/lmr/m/n/10 {hulley2013, title = {Designing clinical rese
arch}, editor = {{Hulley},
 []


Underfull \hbox (badness 1521) in paragraph at lines 1372--1381
\TU/lmr/m/n/10 {Stephen B.}}, year = {2013}, date = {2013}, publisher = {Wolter
s
 []

(./_main.bbl [42]
Underfull \hbox (badness 10000) in paragraph at lines 75--85
\TU/lmr/m/n/10 https://agsjournals.onlinelibrary.wiley.com/doi/pdf/10.1111/j.15
32-
 []

[43

]
Underfull \hbox (badness 4353) in paragraph at lines 97--104
\TU/lmr/m/it/10 Medicine Science in Sports Exercise\TU/lmr/m/n/10 , 32(1):235, 
01 2000.  URL
 []


Underfull \hbox (badness 10000) in paragraph at lines 97--104
[]$[][][][][] [] [] [] [][][][][][][][] [] [][][] [] [][][] [] [][][][] [][] []
[][][] [] [][][][][][][][] [] [][][][] [] [][][][][] [] [][][][][][] [] [][][][
][][] []
 []


Underfull \hbox (badness 5217) in paragraph at lines 128--132
[]\TU/lmr/m/n/10 Stephen B. Hulley, editor.  \TU/lmr/m/it/10 Designing clinical
 research\TU/lmr/m/n/10 .  Wolters
 []


Underfull \hbox (badness 4013) in paragraph at lines 134--141
\TU/lmr/m/it/10 PLOS Medicine\TU/lmr/m/n/10 , 2(8):e124, 08 2005.  doi: $[][] [
] [][][][] [] [][][][][][][] [] [][][][] []
 []


Underfull \hbox (badness 5726) in paragraph at lines 159--167
[]\TU/lmr/m/n/10 James W. Krieger.  Single versus multiple sets of resistance e
x-
 []


Underfull \hbox (badness 4739) in paragraph at lines 159--167
\TU/lmr/m/n/10 ercise: A meta-regression.  \TU/lmr/m/it/10 The Journal of Stren
gth and Con-
 []


Underfull \hbox (badness 3557) in paragraph at lines 159--167
\TU/lmr/m/it/10 ditioning Research\TU/lmr/m/n/10 , 23(6):18901901, 09 2009.  d
oi: $[][] [] [][][][] [] [][][] []
 []

[44] [45]
Underfull \hbox (badness 1406) in paragraph at lines 277--286
[][][][][][][][][][][][][][][][]$\TU/lmr/m/n/10 .  URL []$[][][][][] [] [] [] [
][][][][][][][] [] [][][] [] [][][] [] [][][][] [][] [][][][] [] [][][][][][][]
[] []
 []


Underfull \hbox (badness 10000) in paragraph at lines 288--292
[] [] [][][] [] [][][] [] [][] [] [][][][][][] [][] [][] [][] [][][][][][] [] [
][][][][][][][] [][] [][] [][] [][][][][][][][][][][][][] [] [][][][][][][][][]
[][][][] [][]
 []

)

Package natbib Warning: There were undefined citations.

[46] (./_main.aux)
Package rerunfilecheck Info: File `_main.out' has not changed.
(rerunfilecheck)             Checksum: 712063731F5FABF4C1A7AB8C7E213EB2;2538.
 ) 
Here is how much of TeX's memory you used:
 17954 strings out of 478256
 331556 string characters out of 5854460
 822845 words of memory out of 5000000
 38213 multiletter control sequences out of 15000+600000
 409993 words of font info for 94 fonts, out of 8000000 for 9000
 14 hyphenation exceptions out of 8191
 86i,7n,128p,1691b,557s stack positions out of 5000i,500n,10000p,200000b,80000s

Output written on _main.pdf (46 pages).
